<?xml version="1.0" encoding="UTF-8"?>
<!-- Generated by org.testng.reporters.JUnitReportReporter -->
<testsuite hostname="CPBs-MacBook-Air.local" failures="0" tests="2" name="runner.campaignRunner" time="70.846" errors="0" timestamp="2024-09-15T15:12:25 IST" skipped="0">
  <testcase classname="runner.campaignRunner" name="runScenario" time="56.174"/>
  <system-out/>
  <testcase classname="runner.campaignRunner" name="runScenario" time="14.672"/>
  <system-out/>
</testsuite> <!-- runner.campaignRunner -->
